2018-10-25 23:22:25,589 INFO  [org.jboss.as.connector.subsystems.datasources] (ServerService Thread Pool -- 36) WFLYJCA0004: Deploying JDBC-compliant driver class org.h2.Driver (version 1.3)
2018-10-25 23:22:25,695 INFO  [org.jboss.as.clustering.infinispan] (ServerService Thread Pool -- 41) WFLYCLINF0001: Activating Infinispan subsystem.
2018-10-25 23:22:25,701 INFO  [org.wildfly.extension.io] (ServerService Thread Pool -- 40) WFLYIO001: Worker 'default' has auto-configured to 8 core threads with 64 task threads based on your 4 available processors
2018-10-25 23:22:25,710 INFO  [org.wildfly.iiop.openjdk] (ServerService Thread Pool -- 42) WFLYIIOP0001: Activating IIOP Subsystem
2018-10-25 23:22:25,720 INFO  [org.jboss.as.jsf] (ServerService Thread Pool -- 48) WFLYJSF0007: Activated the following JSF Implementations: [main]
2018-10-25 23:22:25,727 INFO  [org.jboss.as.connector] (MSC service thread 1-1) WFLYJCA0009: Starting JCA Subsystem (WildFly/IronJacamar 1.3.2.Final)
2018-10-25 23:22:25,728 INFO  [org.jboss.as.connector.deployers.jdbc] (MSC service thread 1-3) WFLYJCA0018: Started Driver service with driver-name = h2
2018-10-25 23:22:25,759 INFO  [org.jboss.as.webservices] (ServerService Thread Pool -- 62) WFLYWS0002: Activating WebServices Extension
2018-10-25 23:22:25,767 INFO  [org.jboss.as.security] (ServerService Thread Pool -- 59) WFLYSEC0002: Activating Security Subsystem
2018-10-25 23:22:25,770 INFO  [org.jboss.as.security] (MSC service thread 1-4) WFLYSEC0001: Current PicketBox version=4.9.4.Final
2018-10-25 23:22:25,771 WARN  [org.jboss.as.txn] (ServerService Thread Pool -- 60) WFLYTX0013: Node identifier property is set to the default value. Please make sure it is unique.
2018-10-25 23:22:25,834 INFO  [org.jboss.as.naming] (ServerService Thread Pool -- 52) WFLYNAM0001: Activating Naming Subsystem
2018-10-25 23:22:25,902 INFO  [org.wildfly.extension.undertow] (ServerService Thread Pool -- 61) WFLYUT0003: Undertow 1.3.15.Final starting
2018-10-25 23:22:25,917 INFO  [org.jboss.remoting] (MSC service thread 1-6) JBoss Remoting version 4.0.18.Final
2018-10-25 23:22:25,921 INFO  [org.wildfly.extension.undertow] (MSC service thread 1-4) WFLYUT0003: Undertow 1.3.15.Final starting
2018-10-25 23:22:26,067 INFO  [org.wildfly.extension.undertow] (ServerService Thread Pool -- 61) WFLYUT0014: Creating file handler for path 'C:\Users\helde\Documents\JavaEE\projeto\wildfly-10.0.0.Final/welcome-content' with options [directory-listing: 'false', follow-symlink: 'false', case-sensitive: 'true', safe-symlink-paths: '[]']
2018-10-25 23:22:26,078 INFO  [org.jboss.as.naming] (MSC service thread 1-5) WFLYNAM0003: Starting Naming Service
2018-10-25 23:22:26,078 INFO  [org.jboss.as.mail.extension] (MSC service thread 1-7) WFLYMAIL0001: Bound mail session [java:jboss/mail/Default]
2018-10-25 23:22:26,080 INFO  [org.wildfly.extension.undertow] (MSC service thread 1-6) WFLYUT0012: Started server default-server.
2018-10-25 23:22:26,081 INFO  [org.wildfly.extension.undertow] (MSC service thread 1-6) WFLYUT0018: Host default-host starting
2018-10-25 23:22:26,092 INFO  [org.jboss.as.ejb3] (MSC service thread 1-1) WFLYEJB0481: Strict pool slsb-strict-max-pool is using a max instance size of 64 (per class), which is derived from thread worker pool sizing.
2018-10-25 23:22:26,092 INFO  [org.jboss.as.ejb3] (MSC service thread 1-2) WFLYEJB0482: Strict pool mdb-strict-max-pool is using a max instance size of 16 (per class), which is derived from the number of CPUs on this host.
2018-10-25 23:22:26,240 INFO  [org.wildfly.extension.undertow] (MSC service thread 1-8) WFLYUT0006: Undertow HTTP listener default listening on 127.0.0.1:8080
2018-10-25 23:22:26,392 INFO  [org.wildfly.extension.messaging-activemq] (MSC service thread 1-3) WFLYMSGAMQ0001: AIO wasn't located on this platform, it will fall back to using pure Java NIO.
2018-10-25 23:22:26,409 INFO  [org.jboss.as.server.deployment.scanner] (MSC service thread 1-4) WFLYDS0013: Started FileSystemDeploymentService for directory C:\Users\helde\Documents\JavaEE\projeto\wildfly-10.0.0.Final\standalone\deployments
2018-10-25 23:22:26,421 INFO  [org.jboss.as.server.deployment] (MSC service thread 1-4) WFLYSRV0027: Starting deployment of "balaiodenerd.war" (runtime-name: "balaiodenerd.war")
2018-10-25 23:22:26,638 INFO  [org.jboss.as.connector.subsystems.datasources] (MSC service thread 1-4) WFLYJCA0001: Bound data source [java:jboss/datasources/ExampleDS]
2018-10-25 23:22:26,642 INFO  [org.infinispan.factories.GlobalComponentRegistry] (MSC service thread 1-7) ISPN000128: Infinispan version: Infinispan 'Mahou' 8.1.0.Final
2018-10-25 23:22:26,806 INFO  [org.apache.activemq.artemis.core.server] (ServerService Thread Pool -- 64) AMQ221000: live Message Broker is starting with configuration Broker Configuration (clustered=false,journalDirectory=C:\Users\helde\Documents\JavaEE\projeto\wildfly-10.0.0.Final\standalone\data\activemq\journal,bindingsDirectory=C:\Users\helde\Documents\JavaEE\projeto\wildfly-10.0.0.Final\standalone\data\activemq\bindings,largeMessagesDirectory=C:\Users\helde\Documents\JavaEE\projeto\wildfly-10.0.0.Final\standalone\data\activemq\largemessages,pagingDirectory=C:\Users\helde\Documents\JavaEE\projeto\wildfly-10.0.0.Final\standalone\data\activemq\paging)
2018-10-25 23:22:27,106 INFO  [org.jboss.ws.common.management] (MSC service thread 1-2) JBWS022052: Starting JBossWS 5.1.3.Final (Apache CXF 3.1.4) 
2018-10-25 23:22:27,111 INFO  [org.apache.activemq.artemis.core.server] (ServerService Thread Pool -- 64) AMQ221013: Using NIO Journal
2018-10-25 23:22:27,115 INFO  [org.wildfly.iiop.openjdk] (MSC service thread 1-8) WFLYIIOP0009: CORBA ORB Service started
2018-10-25 23:22:27,207 INFO  [org.apache.activemq.artemis.core.server] (ServerService Thread Pool -- 64) AMQ221043: Protocol module found: [artemis-server]. Adding protocol support for: CORE
2018-10-25 23:22:27,214 INFO  [org.apache.activemq.artemis.core.server] (ServerService Thread Pool -- 64) AMQ221043: Protocol module found: [artemis-amqp-protocol]. Adding protocol support for: AMQP
2018-10-25 23:22:27,229 INFO  [org.apache.activemq.artemis.core.server] (ServerService Thread Pool -- 64) AMQ221043: Protocol module found: [artemis-hornetq-protocol]. Adding protocol support for: HORNETQ
2018-10-25 23:22:27,233 INFO  [org.apache.activemq.artemis.core.server] (ServerService Thread Pool -- 64) AMQ221043: Protocol module found: [artemis-stomp-protocol]. Adding protocol support for: STOMP
2018-10-25 23:22:27,555 INFO  [org.jboss.weld.deployer] (MSC service thread 1-5) WFLYWELD0003: Processing weld deployment balaiodenerd.war
2018-10-25 23:22:27,648 INFO  [org.hibernate.validator.internal.util.Version] (MSC service thread 1-5) HV000001: Hibernate Validator 5.2.3.Final
2018-10-25 23:22:27,842 INFO  [org.jboss.weld.deployer] (MSC service thread 1-5) WFLYWELD0006: Starting Services for CDI deployment: balaiodenerd.war
2018-10-25 23:22:27,878 INFO  [org.jboss.weld.Version] (MSC service thread 1-5) WELD-000900: 2.3.2 (Final)
2018-10-25 23:22:27,928 INFO  [org.jboss.weld.deployer] (MSC service thread 1-6) WFLYWELD0009: Starting weld service for deployment balaiodenerd.war
2018-10-25 23:22:28,074 INFO  [org.wildfly.extension.messaging-activemq] (MSC service thread 1-4) WFLYMSGAMQ0016: Registered HTTP upgrade for activemq-remoting protocol handled by http-acceptor acceptor
2018-10-25 23:22:28,074 INFO  [org.wildfly.extension.messaging-activemq] (MSC service thread 1-6) WFLYMSGAMQ0016: Registered HTTP upgrade for activemq-remoting protocol handled by http-acceptor acceptor
2018-10-25 23:22:28,074 INFO  [org.wildfly.extension.messaging-activemq] (MSC service thread 1-1) WFLYMSGAMQ0016: Registered HTTP upgrade for activemq-remoting protocol handled by http-acceptor-throughput acceptor
2018-10-25 23:22:28,074 INFO  [org.wildfly.extension.messaging-activemq] (MSC service thread 1-2) WFLYMSGAMQ0016: Registered HTTP upgrade for activemq-remoting protocol handled by http-acceptor-throughput acceptor
2018-10-25 23:22:28,300 INFO  [org.apache.activemq.artemis.core.server] (ServerService Thread Pool -- 64) AMQ221007: Server is now live
2018-10-25 23:22:28,301 INFO  [org.apache.activemq.artemis.core.server] (ServerService Thread Pool -- 64) AMQ221001: Apache ActiveMQ Artemis Message Broker version 1.1.0.wildfly-011 [nodeID=fb16c34d-d8c5-11e8-9ad1-6938b76afb58] 
2018-10-25 23:22:28,317 INFO  [org.wildfly.extension.messaging-activemq] (ServerService Thread Pool -- 64) WFLYMSGAMQ0002: Bound messaging object to jndi name java:/ConnectionFactory
2018-10-25 23:22:28,363 INFO  [org.jboss.as.connector.deployment] (MSC service thread 1-7) WFLYJCA0007: Registered connection factory java:/JmsXA
2018-10-25 23:22:28,398 INFO  [org.apache.activemq.artemis.ra] (MSC service thread 1-7) Resource adaptor started
2018-10-25 23:22:28,398 INFO  [org.jboss.as.connector.services.resourceadapters.ResourceAdapterActivatorService$ResourceAdapterActivator] (MSC service thread 1-7) IJ020002: Deployed: file://RaActivatoractivemq-ra
2018-10-25 23:22:28,399 INFO  [org.jboss.as.connector.deployment] (MSC service thread 1-7) WFLYJCA0002: Bound JCA ConnectionFactory [java:/JmsXA]
2018-10-25 23:22:28,399 INFO  [org.wildfly.extension.messaging-activemq] (MSC service thread 1-4) WFLYMSGAMQ0002: Bound messaging object to jndi name java:jboss/DefaultJMSConnectionFactory
2018-10-25 23:22:28,410 INFO  [org.wildfly.extension.messaging-activemq] (ServerService Thread Pool -- 66) WFLYMSGAMQ0002: Bound messaging object to jndi name java:jboss/exported/jms/RemoteConnectionFactory
2018-10-25 23:22:28,412 INFO  [org.apache.activemq.artemis.core.server] (ServerService Thread Pool -- 67) AMQ221003: trying to deploy queue jms.queue.ExpiryQueue
2018-10-25 23:22:28,482 INFO  [org.apache.activemq.artemis.core.server] (ServerService Thread Pool -- 65) AMQ221003: trying to deploy queue jms.queue.DLQ
2018-10-25 23:22:29,165 INFO  [javax.enterprise.resource.webcontainer.jsf.config] (ServerService Thread Pool -- 65) Inicializando Mojarra 2.2.12-jbossorg-2 20150729-1131 para o contexto '/balaiodenerd'
2018-10-25 23:22:29,667 INFO  [org.wildfly.extension.undertow] (ServerService Thread Pool -- 65) WFLYUT0021: Registered web context: /balaiodenerd
2018-10-25 23:22:29,697 INFO  [org.jboss.as.server] (ServerService Thread Pool -- 37) WFLYSRV0010: Deployed "balaiodenerd.war" (runtime-name : "balaiodenerd.war")
2018-10-25 23:22:29,906 INFO  [org.jboss.as] (Controller Boot Thread) WFLYSRV0060: Http management interface listening on http://127.0.0.1:9990/management
2018-10-25 23:22:29,907 INFO  [org.jboss.as] (Controller Boot Thread) WFLYSRV0051: Admin console listening on http://127.0.0.1:9990
2018-10-25 23:22:29,907 INFO  [org.jboss.as] (Controller Boot Thread) WFLYSRV0025: WildFly Full 10.0.0.Final (WildFly Core 2.0.10.Final) started in 7070ms - Started 402 of 690 services (397 services are lazy, passive or on-demand)
